Running on host grad01

Initial Time is Sun 19 Jun 2022 07:04:59 PM -03

Directory is /home/pp12704/t2

This jobs runs on the following nodes:
grad[01-02]

JOB_ID:
2760

/var/spool/slurm/d/job02760/slurm_script: line 36: module: command not found
Running on folder: 15
with 16 threads
running: 500 - num_threads: 16
running: 1000 - num_threads: 16
running: 1500 - num_threads: 16
running: 2000 - num_threads: 16
running: 2500 - num_threads: 16
running: 3000 - num_threads: 16
running: 3500 - num_threads: 16
running: 4000 - num_threads: 16
running: 4500 - num_threads: 16
running: 5000 - num_threads: 16
