Running on host grad01

Initial Time is Sun 19 Jun 2022 07:00:13 PM -03

Directory is /home/pp12704/t2

This jobs runs on the following nodes:
grad[01-02]

JOB_ID:
2756

/var/spool/slurm/d/job02756/slurm_script: line 36: module: command not found
Running on folder: 13
with 16 threads
running: 500 - num_threads: 16
[grad01:970631] *** Process received signal ***
[grad01:970631] Signal: Segmentation fault (11)
[grad01:970631] Signal code: Address not mapped (1)
[grad01:970631] Failing at address: 0x55993dd46aa0
[grad01:970631] [ 0] /lib/x86_64-linux-gnu/libc.so.6(+0x430c0)[0x7effaa43a0c0]
[grad01:970631] [ 1] /LADAPPs/OpenMPI/openmpi-4.1.1/lib/libopen-pal.so.40(mca_btl_vader_poll_handle_frag+0x154)[0x7effaa236114]
[grad01:970631] [ 2] /LADAPPs/OpenMPI/openmpi-4.1.1/lib/libopen-pal.so.40(+0x84322)[0x7effaa236322]
[grad01:970631] [ 3] /LADAPPs/OpenMPI/openmpi-4.1.1/lib/libopen-pal.so.40(opal_progress+0x34)[0x7effaa1ed8a4]
[grad01:970631] [ 4] /LADAPPs/OpenMPI/openmpi-4.1.1/lib/libmpi.so.40(mca_pml_ob1_recv+0x2cd)[0x7effaa83238d]
[grad01:970631] [ 5] /LADAPPs/OpenMPI/openmpi-4.1.1/lib/libmpi.so.40(PMPI_Recv+0xf5)[0x7effaa6ea8e5]
[grad01:970631] [ 6] ./out/13/BATCH_2756/app(+0x1490)[0x56353e32d490]
[grad01:970631] [ 7] /lib/x86_64-linux-gnu/libc.so.6(__libc_start_main+0xf3)[0x7effaa41b0b3]
[grad01:970631] [ 8] ./out/13/BATCH_2756/app(+0x11ee)[0x56353e32d1ee]
[grad01:970631] *** End of error message ***
[grad01:970627] *** Process received signal ***
[grad01:970627] Signal: Segmentation fault (11)
[grad01:970627] Signal code: Address not mapped (1)
[grad01:970627] Failing at address: 0x10
[grad01:970654] *** Process received signal ***
[grad01:970654] Signal: Segmentation fault (11)
[grad01:970654] Signal code: Address not mapped (1)
[grad01:970654] Failing at address: 0x55993dd48ea0
[grad01:970654] [ 0] /lib/x86_64-linux-gnu/libc.so.6(+0x430c0)[0x7f2240aaa0c0]
[grad01:970654] [ 1] /LADAPPs/OpenMPI/openmpi-4.1.1/lib/libopen-pal.so.40(mca_btl_vader_poll_handle_frag+0x154)[0x7f22408a6114]
[grad01:970654] [ 2] /LADAPPs/OpenMPI/openmpi-4.1.1/lib/libopen-pal.so.40(+0x84322)[0x7f22408a6322]
[grad01:970654] [ 3] /LADAPPs/OpenMPI/openmpi-4.1.1/lib/libopen-pal.so.40(opal_progress+0x34)[0x7f224085d8a4]
[grad01:970654] [ 4] /LADAPPs/OpenMPI/openmpi-4.1.1/lib/libmpi.so.40(ompi_mpi_finalize+0x1ad)[0x7f2240d251ad]
[grad01:970654] [ 5] ./out/13/BATCH_2756/app(+0x1682)[0x557e42fab682]
[grad01:970654] [ 6] /lib/x86_64-linux-gnu/libc.so.6(__libc_start_main+0xf3)[0x7f2240a8b0b3]
[grad01:970654] [ 7] ./out/13/BATCH_2756/app(+0x11ee)[0x557e42fab1ee]
[grad01:970654] *** End of error message ***
--------------------------------------------------------------------------
Primary job  terminated normally, but 1 process returned
a non-zero exit code. Per user-direction, the job has been aborted.
--------------------------------------------------------------------------
--------------------------------------------------------------------------
mpirun noticed that process rank 13 with PID 0 on node grad01 exited on signal 11 (Segmentation fault).
--------------------------------------------------------------------------
running: 1000 - num_threads: 16
[grad01:970710] *** Process received signal ***
[grad01:970710] Signal: Segmentation fault (11)
[grad01:970710] Signal code: Address not mapped (1)
[grad01:970710] Failing at address: 0x10
[grad01:970714] *** Process received signal ***
[grad01:970714] Signal: Segmentation fault (11)
[grad01:970714] Signal code: Address not mapped (1)
[grad01:970714] Failing at address: 0x7f024c003820
[grad01:970714] [ 0] /lib/x86_64-linux-gnu/libc.so.6(+0x430c0)[0x7fbcfa9920c0]
[grad01:970714] [ 1] /LADAPPs/OpenMPI/openmpi-4.1.1/lib/libopen-pal.so.40(mca_btl_vader_poll_handle_frag+0x154)[0x7fbcfa78e114]
[grad01:970714] [ 2] /LADAPPs/OpenMPI/openmpi-4.1.1/lib/libopen-pal.so.40(+0x84322)[0x7fbcfa78e322]
[grad01:970714] [ 3] /LADAPPs/OpenMPI/openmpi-4.1.1/lib/libopen-pal.so.40(opal_progress+0x34)[0x7fbcfa7458a4]
[grad01:970714] [ 4] /LADAPPs/OpenMPI/openmpi-4.1.1/lib/libmpi.so.40(ompi_request_default_wait+0x135)[0x7fbcfac0bd95]
[grad01:970714] [grad01:970711] *** Process received signal ***
[grad01:970711] Signal: Segmentation fault (11)
[grad01:970711] Signal code: Address not mapped (1)
[grad01:970711] Failing at address: 0x7f023c002820
[grad01:970711] [ 0] /lib/x86_64-linux-gnu/libc.so.6(+0x430c0)[0x7fc28ddfd0c0]
[ 5] [grad01:970711] /LADAPPs/OpenMPI/openmpi-4.1.1/lib/libmpi.so.40(ompi_coll_base_reduce_generic+0x37e)[0x7fbcfac791de]
[grad01:970714] [ 6] [ 1] /LADAPPs/OpenMPI/openmpi-4.1.1/lib/libmpi.so.40(ompi_coll_base_reduce_intra_binomial+0xd6)[0x7fbcfac7a146]
[grad01:970714] [ 7] /LADAPPs/OpenMPI/openmpi-4.1.1/lib/libopen-pal.so.40(mca_btl_vader_poll_handle_frag+0x154)[0x7fc28dbf9114]
[grad01:970711] [ 2] /LADAPPs/OpenMPI/openmpi-4.1.1/lib/libmpi.so.40(ompi_coll_tuned_reduce_intra_dec_fixed+0x53)[0x7fbcfac83e93]
/LADAPPs/OpenMPI/openmpi-4.1.1/lib/libopen-pal.so.40(+0x84322)[0x7fc28dbf9322]
[grad01:970711] [ 3] /LADAPPs/OpenMPI/openmpi-4.1.1/lib/libopen-pal.so.40(opal_progress+0x34)[0x7fc28dbb08a4]
[grad01:970711] [ 4] [grad01:970714] [ 8] /LADAPPs/OpenMPI/openmpi-4.1.1/lib/libmpi.so.40(ompi_mpi_finalize+0x1ad)[0x7fc28e0781ad]
/LADAPPs/OpenMPI/openmpi-4.1.1/lib/libmpi.so.40(MPI_Reduce+0x1b3)[0x7fbcfac42cd3]
[grad01:970714] [ 9] ./out/13/BATCH_2756/app(+0x1679)[0x560c20b30679]
[grad01:970714] [10] [grad01:970711] /lib/x86_64-linux-gnu/libc.so.6(__libc_start_main+0xf3)[0x7fbcfa9730b3]
[grad01:970714] [11] ./out/13/BATCH_2756/app(+0x11ee)[0x560c20b301ee]
[grad01:970714] *** End of error message ***
[ 5] ./out/13/BATCH_2756/app(+0x1682)[0x55d56ee86682]
[grad01:970711] [ 6] /lib/x86_64-linux-gnu/libc.so.6(__libc_start_main+0xf3)[0x7fc28ddde0b3]
[grad01:970711] [ 7] ./out/13/BATCH_2756/app(+0x11ee)[0x55d56ee861ee]
[grad01:970711] *** End of error message ***
--------------------------------------------------------------------------
Primary job  terminated normally, but 1 process returned
a non-zero exit code. Per user-direction, the job has been aborted.
--------------------------------------------------------------------------
--------------------------------------------------------------------------
mpirun noticed that process rank 0 with PID 0 on node grad01 exited on signal 11 (Segmentation fault).
--------------------------------------------------------------------------
running: 1500 - num_threads: 16
[grad01:970794] *** Process received signal ***
[grad01:970794] Signal: Segmentation fault (11)
[grad01:970794] Signal code: Address not mapped (1)
[grad01:970794] Failing at address: 0x55c3690497e0
[grad01:970794] [ 0] /lib/x86_64-linux-gnu/libc.so.6(+0x430c0)[0x7fe719c450c0]
[grad01:970794] [ 1] /LADAPPs/OpenMPI/openmpi-4.1.1/lib/libopen-pal.so.40(mca_btl_vader_poll_handle_frag+0x154)[0x7fe719a41114]
[grad01:970794] [ 2] /LADAPPs/OpenMPI/openmpi-4.1.1/lib/libopen-pal.so.40(+0x84394)[0x7fe719a41394]
[grad01:970794] [ 3] /LADAPPs/OpenMPI/openmpi-4.1.1/lib/libopen-pal.so.40(opal_progress+0x34)[0x7fe7199f88a4]
[grad01:970794] [ 4] /LADAPPs/OpenMPI/openmpi-4.1.1/lib/libmpi.so.40(mca_pml_ob1_recv+0x2cd)[0x7fe71a03d38d]
[grad01:970794] [ 5] /LADAPPs/OpenMPI/openmpi-4.1.1/lib/libmpi.so.40(PMPI_Recv+0xf5)[0x7fe719ef58e5]
[grad01:970794] [ 6] ./out/13/BATCH_2756/app(+0x1490)[0x55857ea54490]
[grad01:970794] [ 7] /lib/x86_64-linux-gnu/libc.so.6(__libc_start_main+0xf3)[0x7fe719c260b3]
[grad01:970794] [ 8] ./out/13/BATCH_2756/app(+0x11ee)[0x55857ea541ee]
[grad01:970794] *** End of error message ***
--------------------------------------------------------------------------
Primary job  terminated normally, but 1 process returned
a non-zero exit code. Per user-direction, the job has been aborted.
--------------------------------------------------------------------------
--------------------------------------------------------------------------
mpirun noticed that process rank 0 with PID 0 on node grad01 exited on signal 11 (Segmentation fault).
--------------------------------------------------------------------------
running: 2000 - num_threads: 16
[grad01:970876] *** Process received signal ***
[grad01:970876] Signal: Segmentation fault (11)
[grad01:970876] Signal code: Address not mapped (1)
[grad01:970876] Failing at address: 0x560c34fcf620
[grad01:970876] [ 0] /lib/x86_64-linux-gnu/libc.so.6(+0x430c0)[0x7f5db8f870c0]
[grad01:970876] [ 1] /LADAPPs/OpenMPI/openmpi-4.1.1/lib/libopen-pal.so.40(mca_btl_vader_poll_handle_frag+0x154)[0x7f5db8d83114]
[grad01:970876] [ 2] /LADAPPs/OpenMPI/openmpi-4.1.1/lib/libopen-pal.so.40(+0x84394)[0x7f5db8d83394]
[grad01:970876] [ 3] /LADAPPs/OpenMPI/openmpi-4.1.1/lib/libopen-pal.so.40(opal_progress+0x34)[0x7f5db8d3a8a4]
[grad01:970876] [ 4] /LADAPPs/OpenMPI/openmpi-4.1.1/lib/libmpi.so.40(mca_pml_ob1_recv+0x2cd)[0x7f5db937f38d]
[grad01:970876] [ 5] /LADAPPs/OpenMPI/openmpi-4.1.1/lib/libmpi.so.40(PMPI_Recv+0xf5)[0x7f5db92378e5]
[grad01:970876] [ 6] ./out/13/BATCH_2756/app(+0x1490)[0x562bcb9cb490]
[grad01:970876] [ 7] /lib/x86_64-linux-gnu/libc.so.6(__libc_start_main+0xf3)[0x7f5db8f680b3]
[grad01:970876] [ 8] ./out/13/BATCH_2756/app(+0x11ee)[0x562bcb9cb1ee]
[grad01:970876] *** End of error message ***
--------------------------------------------------------------------------
Primary job  terminated normally, but 1 process returned
a non-zero exit code. Per user-direction, the job has been aborted.
--------------------------------------------------------------------------
--------------------------------------------------------------------------
mpirun noticed that process rank 0 with PID 0 on node grad01 exited on signal 11 (Segmentation fault).
--------------------------------------------------------------------------
running: 2500 - num_threads: 16
[grad01][[7681,1],0][btl_tcp_endpoint.c:730:mca_btl_tcp_endpoint_start_connect] bind on local address (172.17.2.1:0) failed: Invalid argument (22)
[[7681,1],0][btl_tcp_endpoint.c:793:mca_btl_tcp_endpoint_start_connect] from grad01 to: grad02 Unable to connect to the peer 172.17.2.2 on port 1030: Connection reset by peer

[grad01:970957] pml_ob1_sendreq.c:190 FATAL
[grad01:970957] *** An error occurred in MPI_Send
[grad01:970957] *** reported by process [503382017,0]
[grad01:970957] *** on communicator MPI_COMM_WORLD
[grad01:970957] *** MPI_ERR_OTHER: known error not in list
[grad01:970957] *** MPI_ERRORS_ARE_FATAL (processes in this communicator will now abort,
[grad01:970957] ***    and potentially your MPI job)
[grad01:970947] PMIX ERROR: UNREACHABLE in file server/pmix_server.c at line 2198
[grad01:970947] PMIX ERROR: UNREACHABLE in file server/pmix_server.c at line 2198
[grad01:970947] PMIX ERROR: UNREACHABLE in file server/pmix_server.c at line 2198
[grad01:970947] PMIX ERROR: UNREACHABLE in file server/pmix_server.c at line 2198
[grad01:970947] PMIX ERROR: UNREACHABLE in file server/pmix_server.c at line 2198
[grad01:970947] PMIX ERROR: UNREACHABLE in file server/pmix_server.c at line 2198
--------------------------------------------------------------------------
An MPI communication peer process has unexpectedly disconnected.  This
usually indicates a failure in the peer process (e.g., a crash or
otherwise exiting without calling MPI_FINALIZE first).

Although this local MPI process will likely now behave unpredictably
(it may even hang or crash), the root cause of this problem is the
failure of the peer -- that is what you need to investigate.  For
example, there may be a core file that you can examine.  More
generally: such peer hangups are frequently caused by application bugs
or other external events.

  Local host: grad02
  Local PID:  857379
  Peer host:  grad01
--------------------------------------------------------------------------
[grad01:970947] 8 more processes have sent help message help-mpi-errors.txt / mpi_errors_are_fatal
[grad01:970947] Set MCA parameter "orte_base_help_aggregate" to 0 to see all help / error messages
[grad01:970947] 1 more process has sent help message help-mpi-btl-tcp.txt / peer hung up
running: 3000 - num_threads: 16
[grad01:971066] *** Process received signal ***
[grad01:971040] *** Process received signal ***
[grad01:971040] Signal: Segmentation fault (11)
[grad01:971040] Signal code: Address not mapped (1)
[grad01:971040] Failing at address: 0x7f4418002a20
[grad01:971066] Signal: Segmentation fault (11)
[grad01:971066] Signal code: Address not mapped (1)
[grad01:971066] Failing at address: 0x7f4418004320
[grad01:971040] [ 0] /lib/x86_64-linux-gnu/libc.so.6(+0x430c0)[0x7fa34c9050c0]
[grad01:971040] [ 1] /LADAPPs/OpenMPI/openmpi-4.1.1/lib/libopen-pal.so.40(mca_btl_vader_poll_handle_frag+0x154)[0x7fa34c701114]
[grad01:971040] [ 2] /LADAPPs/OpenMPI/openmpi-4.1.1/lib/libopen-pal.so.40(+0x84322)[0x7fa34c701322]
[grad01:971040] [ 3] /LADAPPs/OpenMPI/openmpi-4.1.1/lib/libopen-pal.so.40(opal_progress+0x34)[0x7fa34c6b88a4]
[grad01:971040] [ 4] /LADAPPs/OpenMPI/openmpi-4.1.1/lib/libmpi.so.40(ompi_mpi_finalize+0x1ad)[0x7fa34cb801ad]
[grad01:971040] [ 5] ./out/13/BATCH_2756/app(+0x1682)[0x5646c2116682]
[grad01:971040] [grad01:971066] [ 0] [ 6] /lib/x86_64-linux-gnu/libc.so.6(+0x430c0)[0x7f75832db0c0]
[grad01:971066] [ 1] /lib/x86_64-linux-gnu/libc.so.6(__libc_start_main+0xf3)[0x7fa34c8e60b3]
[grad01:971040] [ 7] ./out/13/BATCH_2756/app(+0x11ee)[0x5646c21161ee]
[grad01:971040] *** End of error message ***
/LADAPPs/OpenMPI/openmpi-4.1.1/lib/libopen-pal.so.40(mca_btl_vader_poll_handle_frag+0x154)[0x7f75830d7114]
[grad01:971066] [ 2] /LADAPPs/OpenMPI/openmpi-4.1.1/lib/libopen-pal.so.40(+0x84394)[0x7f75830d7394]
[grad01:971066] [ 3] /LADAPPs/OpenMPI/openmpi-4.1.1/lib/libopen-pal.so.40(opal_progress+0x34)[0x7f758308e8a4]
[grad01:971066] [ 4] /LADAPPs/OpenMPI/openmpi-4.1.1/lib/libmpi.so.40(mca_pml_ob1_recv+0x2cd)[0x7f75836d338d]
[grad01:971066] [ 5] /LADAPPs/OpenMPI/openmpi-4.1.1/lib/libmpi.so.40(PMPI_Recv+0xf5)[0x7f758358b8e5]
[grad01:971066] [ 6] ./out/13/BATCH_2756/app(+0x1490)[0x559c3557a490]
[grad01:971066] [ 7] /lib/x86_64-linux-gnu/libc.so.6(__libc_start_main+0xf3)[0x7f75832bc0b3]
[grad01:971066] [ 8] ./out/13/BATCH_2756/app(+0x11ee)[0x559c3557a1ee]
[grad01:971066] *** End of error message ***
--------------------------------------------------------------------------
Primary job  terminated normally, but 1 process returned
a non-zero exit code. Per user-direction, the job has been aborted.
--------------------------------------------------------------------------
--------------------------------------------------------------------------
mpirun noticed that process rank 13 with PID 0 on node grad01 exited on signal 11 (Segmentation fault).
--------------------------------------------------------------------------
running: 3500 - num_threads: 16
[grad01:971122] *** Process received signal ***
[grad01:971122] Signal: Segmentation fault (11)
[grad01:971122] Signal code: Address not mapped (1)
[grad01:971122] Failing at address: 0x556efc7204e0
[grad01:971122] [ 0] /lib/x86_64-linux-gnu/libc.so.6(+0x430c0)[0x7fee171600c0]
[grad01:971122] [ 1] /LADAPPs/OpenMPI/openmpi-4.1.1/lib/libopen-pal.so.40(mca_btl_vader_poll_handle_frag+0x154)[0x7fee16f5c114]
[grad01:971122] [ 2] /LADAPPs/OpenMPI/openmpi-4.1.1/lib/libopen-pal.so.40(+0x84322)[0x7fee16f5c322]
[grad01:971122] [ 3] /LADAPPs/OpenMPI/openmpi-4.1.1/lib/libopen-pal.so.40(opal_progress+0x34)[0x7fee16f138a4]
[grad01:971122] [ 4] /LADAPPs/OpenMPI/openmpi-4.1.1/lib/libmpi.so.40(ompi_request_default_wait+0x135)[0x7fee173d9d95]
[grad01:971122] [ 5] /LADAPPs/OpenMPI/openmpi-4.1.1/lib/libmpi.so.40(ompi_coll_base_reduce_generic+0x37e)[0x7fee174471de]
[grad01:971122] [ 6] /LADAPPs/OpenMPI/openmpi-4.1.1/lib/libmpi.so.40(ompi_coll_base_reduce_intra_binomial+0xd6)[0x7fee17448146]
[grad01:971122] [ 7] /LADAPPs/OpenMPI/openmpi-4.1.1/lib/libmpi.so.40(ompi_coll_tuned_reduce_intra_dec_fixed+0x53)[0x7fee17451e93]
[grad01:971122] [ 8] /LADAPPs/OpenMPI/openmpi-4.1.1/lib/libmpi.so.40(MPI_Reduce+0x1b3)[0x7fee17410cd3]
[grad01:971122] [ 9] ./out/13/BATCH_2756/app(+0x1679)[0x55e6d58d0679]
[grad01:971122] [10] /lib/x86_64-linux-gnu/libc.so.6(__libc_start_main+0xf3)[0x7fee171410b3]
[grad01:971122] [11] ./out/13/BATCH_2756/app(+0x11ee)[0x55e6d58d01ee]
[grad01:971122] *** End of error message ***
--------------------------------------------------------------------------
Primary job  terminated normally, but 1 process returned
a non-zero exit code. Per user-direction, the job has been aborted.
--------------------------------------------------------------------------
--------------------------------------------------------------------------
mpirun noticed that process rank 0 with PID 0 on node grad01 exited on signal 11 (Segmentation fault).
--------------------------------------------------------------------------
running: 4000 - num_threads: 16
[grad01:971227] *** Process received signal ***
[grad01:971227] Signal: Segmentation fault (11)
[grad01:971227] Signal code: Address not mapped (1)
[grad01:971227] Failing at address: 0x7f0fb0003720
[grad01:971231] *** Process received signal ***
[grad01:971231] Signal: Segmentation fault (11)
[grad01:971231] Signal code: Address not mapped (1)
[grad01:971231] Failing at address: 0x7f0fb0002720
[grad01:971205] *** Process received signal ***
[grad01:971205] Signal: Segmentation fault (11)
[grad01:971205] Signal code: Address not mapped (1)
[grad01:971205] Failing at address: 0x557fa25b5de0
[grad01:971221] *** Process received signal ***
[grad01:971221] Signal: Segmentation fault (11)
[grad01:971221] Signal code: Address not mapped (1)
[grad01:971221] Failing at address: 0x7f0fb0003420
[grad01:971228] *** Process received signal ***
[grad01:971228] Signal: Segmentation fault (11)
[grad01:971228] Signal code: Address not mapped (1)
[grad01:971228] Failing at address: 0x7f0fb0002820
[grad01:971221] [ 0] [grad01:971231] [ 0] [grad01:971228] [ 0] [grad01:971227] [ 0] /lib/x86_64-linux-gnu/libc.so.6(+0x430c0)[0x7f591011e0c0]
[grad01:971221] [ 1] [grad01:971205] [ 0] /lib/x86_64-linux-gnu/libc.so.6(+0x430c0)[0x7fae8d3a70c0]
[grad01:971231] [ 1] /lib/x86_64-linux-gnu/libc.so.6(+0x430c0)[0x7f261ef380c0]
[grad01:971228] [ 1] /lib/x86_64-linux-gnu/libc.so.6(+0x430c0)[0x7fa68980b0c0]
[grad01:971227] [ 1] /LADAPPs/OpenMPI/openmpi-4.1.1/lib/libopen-pal.so.40(mca_btl_vader_poll_handle_frag+0x154)[0x7f261ed34114]
[grad01:971228] [ 2] /LADAPPs/OpenMPI/openmpi-4.1.1/lib/libopen-pal.so.40(mca_btl_vader_poll_handle_frag+0x154)[0x7f590ff1a114]
[grad01:971221] [ 2] /lib/x86_64-linux-gnu/libc.so.6(+0x430c0)[0x7f63f631f0c0]
[grad01:971205] [ 1] /LADAPPs/OpenMPI/openmpi-4.1.1/lib/libopen-pal.so.40(mca_btl_vader_poll_handle_frag+0x154)[0x7fa689607114]
[grad01:971227] [ 2] /LADAPPs/OpenMPI/openmpi-4.1.1/lib/libopen-pal.so.40(mca_btl_vader_poll_handle_frag+0x154)[0x7f63f611b114]
[grad01:971205] [ 2] /LADAPPs/OpenMPI/openmpi-4.1.1/lib/libopen-pal.so.40(+0x84322)[0x7f261ed34322]
[grad01:971228] [ 3] /LADAPPs/OpenMPI/openmpi-4.1.1/lib/libopen-pal.so.40(opal_progress+0x34)[0x7f261eceb8a4]
[grad01:971228] [ 4] /LADAPPs/OpenMPI/openmpi-4.1.1/lib/libopen-pal.so.40(+0x84322)[0x7f590ff1a322]
[grad01:971221] [ 3] /LADAPPs/OpenMPI/openmpi-4.1.1/lib/libopen-pal.so.40(opal_progress+0x34)[0x7f590fed18a4]
[grad01:971221] [ 4] /LADAPPs/OpenMPI/openmpi-4.1.1/lib/libopen-pal.so.40(mca_btl_vader_poll_handle_frag+0x154)[0x7fae8d1a3114]
[grad01:971231] [ 2] /LADAPPs/OpenMPI/openmpi-4.1.1/lib/libopen-pal.so.40(+0x84322)[0x7fae8d1a3322]
[grad01:971231] [ 3] /LADAPPs/OpenMPI/openmpi-4.1.1/lib/libopen-pal.so.40(opal_progress+0x34)[0x7fae8d15a8a4]
[grad01:971231] [ 4] /LADAPPs/OpenMPI/openmpi-4.1.1/lib/libopen-pal.so.40(+0x84322)[0x7fa689607322]
[grad01:971227] [ 3] /LADAPPs/OpenMPI/openmpi-4.1.1/lib/libopen-pal.so.40(opal_progress+0x34)[0x7fa6895be8a4]
[grad01:971227] [ 4] /LADAPPs/OpenMPI/openmpi-4.1.1/lib/libopen-pal.so.40(+0x84322)[0x7f63f611b322]
[grad01:971205] [ 3] /LADAPPs/OpenMPI/openmpi-4.1.1/lib/libmpi.so.40(mca_pml_ob1_recv+0x2cd)[0x7f261f33038d]
[grad01:971228] [ 5] /LADAPPs/OpenMPI/openmpi-4.1.1/lib/libopen-pal.so.40(opal_progress+0x34)[0x7f63f60d28a4]
[grad01:971205] [ 4] /LADAPPs/OpenMPI/openmpi-4.1.1/lib/libmpi.so.40(mca_pml_ob1_recv+0x2cd)[0x7fae8d79f38d]
[grad01:971231] [ 5] /LADAPPs/OpenMPI/openmpi-4.1.1/lib/libmpi.so.40(mca_pml_ob1_recv+0x2cd)[0x7fa689c0338d]
[grad01:971227] [ 5] /LADAPPs/OpenMPI/openmpi-4.1.1/lib/libmpi.so.40(mca_pml_ob1_recv+0x2cd)[0x7f591051638d]
[grad01:971221] [ 5] /LADAPPs/OpenMPI/openmpi-4.1.1/lib/libmpi.so.40(PMPI_Recv+0xf5)[0x7f261f1e88e5]
[grad01:971228] [ 6] ./out/13/BATCH_2756/app(+0x1490)[0x5643da617490]
[grad01:971228] [ 7] /LADAPPs/OpenMPI/openmpi-4.1.1/lib/libmpi.so.40(mca_pml_ob1_recv+0x2cd)[0x7f63f671738d]
[grad01:971205] [ 5] /LADAPPs/OpenMPI/openmpi-4.1.1/lib/libmpi.so.40(PMPI_Recv+0xf5)[0x7f59103ce8e5]
[grad01:971221] [ 6] ./out/13/BATCH_2756/app(+0x1490)[0x557ffe335490]
[grad01:971221] [ 7] /LADAPPs/OpenMPI/openmpi-4.1.1/lib/libmpi.so.40(PMPI_Recv+0xf5)[0x7fa689abb8e5]
[grad01:971227] [ 6] ./out/13/BATCH_2756/app(+0x1490)[0x55b3e04a6490]
[grad01:971227] [ 7] /lib/x86_64-linux-gnu/libc.so.6(__libc_start_main+0xf3)[0x7f261ef190b3]
[grad01:971228] [ 8] ./out/13/BATCH_2756/app(+0x11ee)[0x5643da6171ee]
[grad01:971228] *** End of error message ***
/LADAPPs/OpenMPI/openmpi-4.1.1/lib/libmpi.so.40(PMPI_Recv+0xf5)[0x7fae8d6578e5]
[grad01:971231] [ 6] ./out/13/BATCH_2756/app(+0x1490)[0x56338c5ab490]
[grad01:971231] [ 7] /lib/x86_64-linux-gnu/libc.so.6(__libc_start_main+0xf3)[0x7fa6897ec0b3]
[grad01:971227] [ 8] ./out/13/BATCH_2756/app(+0x11ee)[0x55b3e04a61ee]
[grad01:971227] *** End of error message ***
/LADAPPs/OpenMPI/openmpi-4.1.1/lib/libmpi.so.40(PMPI_Recv+0xf5)[0x7f63f65cf8e5]
[grad01:971205] [ 6] ./out/13/BATCH_2756/app(+0x1490)[0x55ff293d3490]
[grad01:971205] [ 7] /lib/x86_64-linux-gnu/libc.so.6(__libc_start_main+0xf3)[0x7f63f63000b3]
[grad01:971205] /lib/x86_64-linux-gnu/libc.so.6(__libc_start_main+0xf3)[0x7f59100ff0b3]
[grad01:971221] [ 8] ./out/13/BATCH_2756/app(+0x11ee)[0x557ffe3351ee]
[grad01:971221] *** End of error message ***
/lib/x86_64-linux-gnu/libc.so.6(__libc_start_main+0xf3)[0x7fae8d3880b3]
[grad01:971231] [ 8] ./out/13/BATCH_2756/app(+0x11ee)[0x56338c5ab1ee]
[grad01:971231] *** End of error message ***
[ 8] ./out/13/BATCH_2756/app(+0x11ee)[0x55ff293d31ee]
[grad01:971205] *** End of error message ***
[grad01:971203] *** Process received signal ***
[grad01:971203] Signal: Segmentation fault (11)
[grad01:971203] Signal code: Address not mapped (1)
[grad01:971203] Failing at address: 0x7f0fb0004b20
[grad01:971203] [ 0] /lib/x86_64-linux-gnu/libc.so.6(+0x430c0)[0x7fe171e430c0]
[grad01:971203] [ 1] /LADAPPs/OpenMPI/openmpi-4.1.1/lib/libopen-pal.so.40(mca_btl_vader_poll_handle_frag+0x154)[0x7fe171c3f114]
[grad01:971203] [ 2] /LADAPPs/OpenMPI/openmpi-4.1.1/lib/libopen-pal.so.40(+0x84322)[0x7fe171c3f322]
[grad01:971203] [ 3] /LADAPPs/OpenMPI/openmpi-4.1.1/lib/libopen-pal.so.40(opal_progress+0x34)[0x7fe171bf68a4]
[grad01:971203] [ 4] /LADAPPs/OpenMPI/openmpi-4.1.1/lib/libmpi.so.40(ompi_mpi_finalize+0x1ad)[0x7fe1720be1ad]
[grad01:971203] [ 5] ./out/13/BATCH_2756/app(+0x1682)[0x55867145d682]
[grad01:971203] [ 6] /lib/x86_64-linux-gnu/libc.so.6(__libc_start_main+0xf3)[0x7fe171e240b3]
[grad01:971203] [ 7] ./out/13/BATCH_2756/app(+0x11ee)[0x55867145d1ee]
[grad01:971203] *** End of error message ***
--------------------------------------------------------------------------
Primary job  terminated normally, but 1 process returned
a non-zero exit code. Per user-direction, the job has been aborted.
--------------------------------------------------------------------------
--------------------------------------------------------------------------
mpirun noticed that process rank 12 with PID 0 on node grad01 exited on signal 11 (Segmentation fault).
--------------------------------------------------------------------------
running: 4500 - num_threads: 16
[grad01:971290] *** Process received signal ***
[grad01:971290] Signal: Segmentation fault (11)
[grad01:971290] Signal code: Address not mapped (1)
[grad01:971290] Failing at address: 0x5576418ec2a0
[grad01:971290] [ 0] /lib/x86_64-linux-gnu/libc.so.6(+0x430c0)[0x7f09921520c0]
[grad01:971290] [ 1] /LADAPPs/OpenMPI/openmpi-4.1.1/lib/libopen-pal.so.40(mca_btl_vader_poll_handle_frag+0x154)[0x7f0991f4e114]
[grad01:971290] [ 2] /LADAPPs/OpenMPI/openmpi-4.1.1/lib/libopen-pal.so.40(+0x84394)[0x7f0991f4e394]
[grad01:971290] [ 3] /LADAPPs/OpenMPI/openmpi-4.1.1/lib/libopen-pal.so.40(opal_progress+0x34)[0x7f0991f058a4]
[grad01:971290] [ 4] /LADAPPs/OpenMPI/openmpi-4.1.1/lib/libmpi.so.40(mca_pml_ob1_recv+0x2cd)[0x7f099254a38d]
[grad01:971290] [ 5] /LADAPPs/OpenMPI/openmpi-4.1.1/lib/libmpi.so.40(PMPI_Recv+0xf5)[0x7f09924028e5]
[grad01:971290] [ 6] ./out/13/BATCH_2756/app(+0x1490)[0x556603fcc490]
[grad01:971290] [ 7] /lib/x86_64-linux-gnu/libc.so.6(__libc_start_main+0xf3)[0x7f09921330b3]
[grad01:971290] [ 8] ./out/13/BATCH_2756/app(+0x11ee)[0x556603fcc1ee]
[grad01:971290] *** End of error message ***
--------------------------------------------------------------------------
Primary job  terminated normally, but 1 process returned
a non-zero exit code. Per user-direction, the job has been aborted.
--------------------------------------------------------------------------
--------------------------------------------------------------------------
mpirun noticed that process rank 1 with PID 0 on node grad01 exited on signal 11 (Segmentation fault).
--------------------------------------------------------------------------
running: 5000 - num_threads: 16
[grad01:971372] *** Process received signal ***
[grad01:971372] Signal: Segmentation fault (11)
[grad01:971372] Signal code: Address not mapped (1)
[grad01:971372] Failing at address: 0x55aab3ed9120
[grad01:971372] [ 0] /lib/x86_64-linux-gnu/libc.so.6(+0x430c0)[0x7f0d98a110c0]
[grad01:971372] [ 1] /LADAPPs/OpenMPI/openmpi-4.1.1/lib/libopen-pal.so.40(mca_btl_vader_poll_handle_frag+0x154)[0x7f0d9880d114]
[grad01:971372] [ 2] /LADAPPs/OpenMPI/openmpi-4.1.1/lib/libopen-pal.so.40(+0x84394)[0x7f0d9880d394]
[grad01:971372] [ 3] /LADAPPs/OpenMPI/openmpi-4.1.1/lib/libopen-pal.so.40(opal_progress+0x34)[0x7f0d987c48a4]
[grad01:971372] [ 4] /LADAPPs/OpenMPI/openmpi-4.1.1/lib/libmpi.so.40(mca_pml_ob1_recv+0x2cd)[0x7f0d98e0938d]
[grad01:971372] [ 5] /LADAPPs/OpenMPI/openmpi-4.1.1/lib/libmpi.so.40(PMPI_Recv+0xf5)[0x7f0d98cc18e5]
[grad01:971372] [ 6] ./out/13/BATCH_2756/app(+0x1490)[0x562f6e8f9490]
[grad01:971372] [ 7] /lib/x86_64-linux-gnu/libc.so.6(__libc_start_main+0xf3)[0x7f0d989f20b3]
[grad01:971372] [ 8] ./out/13/BATCH_2756/app(+0x11ee)[0x562f6e8f91ee]
[grad01:971372] *** End of error message ***
--------------------------------------------------------------------------
Primary job  terminated normally, but 1 process returned
a non-zero exit code. Per user-direction, the job has been aborted.
--------------------------------------------------------------------------
--------------------------------------------------------------------------
mpirun noticed that process rank 0 with PID 0 on node grad01 exited on signal 11 (Segmentation fault).
--------------------------------------------------------------------------
